# JRE version: OpenJDK Runtime Environment (8.0_152-b01) (build 1.8.0_152-release-915-b01)
# Java VM: OpenJDK 64-Bit Server VM (25.152-b01 mixed mode windows-amd64 compressed oops)
Heap:
 PSYoungGen      total 452096K, used 171004K [0x00000000e0000000, 0x0000000100000000, 0x0000000100000000)
  eden space 390144K, 38% used [0x00000000e0000000,0x00000000e9439980,0x00000000f7d00000)
  from space 61952K, 31% used [0x00000000fc380000,0x00000000fd645830,0x0000000100000000)
  to   space 67072K, 0% used [0x00000000f7d00000,0x00000000f7d00000,0x00000000fbe80000)
 ParOldGen       total 215552K, used 146356K [0x00000000a0000000, 0x00000000ad280000, 0x00000000e0000000)
  object space 215552K, 67% used [0x00000000a0000000,0x00000000a8eed018,0x00000000ad280000)
 Metaspace       used 78163K, capacity 82494K, committed 82816K, reserved 1120256K
  class space    used 10080K, capacity 11068K, committed 11136K, reserved 1048576K
GC Heap History (10 events):
Event: 54.458 GC heap before
{Heap before GC invocations=15 (full 3):
 PSYoungGen      total 382464K, used 379073K [0x00000000e0000000, 0x00000000fb780000, 0x0000000100000000)
  eden space 354816K, 100% used [0x00000000e0000000,0x00000000f5a80000,0x00000000f5a80000)
  from space 27648K, 87% used [0x00000000f5a80000,0x00000000f72307f0,0x00000000f7580000)
  to   space 30208K, 0% used [0x00000000f9a00000,0x00000000f9a00000,0x00000000fb780000)
 ParOldGen       total 215552K, used 48173K [0x00000000a0000000, 0x00000000ad280000, 0x00000000e0000000)
  object space 215552K, 22% used [0x00000000a0000000,0x00000000a2f0b5a8,0x00000000ad280000)
 Metaspace       used 69951K, capacity 73834K, committed 74112K, reserved 1114112K
  class space    used 9114K, capacity 10014K, committed 10112K, reserved 1048576K
Event: 54.526 GC heap after
Heap after GC invocations=15 (full 3):
 PSYoungGen      total 390656K, used 30183K [0x00000000e0000000, 0x0000000100000000, 0x0000000100000000)
  eden space 360448K, 0% used [0x00000000e0000000,0x00000000e0000000,0x00000000f6000000)
  from space 30208K, 99% used [0x00000000f9a00000,0x00000000fb779eb8,0x00000000fb780000)
  to   space 59392K, 0% used [0x00000000f6000000,0x00000000f6000000,0x00000000f9a00000)
 ParOldGen       total 215552K, used 116183K [0x00000000a0000000, 0x00000000ad280000, 0x00000000e0000000)
  object space 215552K, 53% used [0x00000000a0000000,0x00000000a7175df0,0x00000000ad280000)
 Metaspace       used 69951K, capacity 73834K, committed 74112K, reserved 1114112K
  class space    used 9114K, capacity 10014K, committed 10112K, reserved 1048576K
}
Event: 59.259 GC heap before
{Heap before GC invocations=16 (full 3):
 PSYoungGen      total 390656K, used 389756K [0x00000000e0000000, 0x0000000100000000, 0x0000000100000000)
  eden space 360448K, 99% used [0x00000000e0000000,0x00000000f5f25348,0x00000000f6000000)
  from space 30208K, 99% used [0x00000000f9a00000,0x00000000fb779eb8,0x00000000fb780000)
  to   space 59392K, 0% used [0x00000000f6000000,0x00000000f6000000,0x00000000f9a00000)
 ParOldGen       total 215552K, used 116183K [0x00000000a0000000, 0x00000000ad280000, 0x00000000e0000000)
  object space 215552K, 53% used [0x00000000a0000000,0x00000000a7175df0,0x00000000ad280000)
 Metaspace       used 71389K, capacity 75388K, committed 75520K, reserved 1114112K
  class space    used 9288K, capacity 10209K, committed 10240K, reserved 1048576K
Event: 59.274 GC heap after
Heap after GC invocations=16 (full 3):
 PSYoungGen      total 419840K, used 17677K [0x00000000e0000000, 0x0000000100000000, 0x0000000100000000)
  eden space 360448K, 0% used [0x00000000e0000000,0x00000000e0000000,0x00000000f6000000)
  from space 59392K, 29% used [0x00000000f6000000,0x00000000f7143430,0x00000000f9a00000)
  to   space 56832K, 0% used [0x00000000fc880000,0x00000000fc880000,0x0000000100000000)
 ParOldGen       total 215552K, used 120895K [0x00000000a0000000, 0x00000000ad280000, 0x00000000e0000000)
  object space 215552K, 56% used [0x00000000a0000000,0x00000000a760ff98,0x00000000ad280000)
 Metaspace       used 71389K, capacity 75388K, committed 75520K, reserved 1114112K
  class space    used 9288K, capacity 10209K, committed 10240K, reserved 1048576K
}
Event: 556.956 GC heap before
{Heap before GC invocations=17 (full 3):
 PSYoungGen      total 419840K, used 378125K [0x00000000e0000000, 0x0000000100000000, 0x0000000100000000)
  eden space 360448K, 100% used [0x00000000e0000000,0x00000000f6000000,0x00000000f6000000)
  from space 59392K, 29% used [0x00000000f6000000,0x00000000f7143430,0x00000000f9a00000)
  to   space 56832K, 0% used [0x00000000fc880000,0x00000000fc880000,0x0000000100000000)
 ParOldGen       total 215552K, used 120895K [0x00000000a0000000, 0x00000000ad280000, 0x00000000e0000000)
  object space 215552K, 56% used [0x00000000a0000000,0x00000000a760ff98,0x00000000ad280000)
 Metaspace       used 72714K, capacity 76962K, committed 77056K, reserved 1116160K
  class space    used 9476K, capacity 10438K, committed 10496K, reserved 1048576K
Event: 556.974 GC heap after
Heap after GC invocations=17 (full 3):
 PSYoungGen      total 457216K, used 17494K [0x00000000e0000000, 0x00000000ff880000, 0x0000000100000000)
  eden space 408064K, 0% used [0x00000000e0000000,0x00000000e0000000,0x00000000f8e80000)
  from space 49152K, 35% used [0x00000000fc880000,0x00000000fd995850,0x00000000ff880000)
  to   space 54272K, 0% used [0x00000000f8e80000,0x00000000f8e80000,0x00000000fc380000)
 ParOldGen       total 215552K, used 120903K [0x00000000a0000000, 0x00000000ad280000, 0x00000000e0000000)
  object space 215552K, 56% used [0x00000000a0000000,0x00000000a7611f98,0x00000000ad280000)
 Metaspace       used 72714K, capacity 76962K, committed 77056K, reserved 1116160K
  class space    used 9476K, capacity 10438K, committed 10496K, reserved 1048576K
}
Event: 560.144 GC heap before
{Heap before GC invocations=18 (full 3):
 PSYoungGen      total 457216K, used 425558K [0x00000000e0000000, 0x00000000ff880000, 0x0000000100000000)
  eden space 408064K, 100% used [0x00000000e0000000,0x00000000f8e80000,0x00000000f8e80000)
  from space 49152K, 35% used [0x00000000fc880000,0x00000000fd995850,0x00000000ff880000)
  to   space 54272K, 0% used [0x00000000f8e80000,0x00000000f8e80000,0x00000000fc380000)
 ParOldGen       total 215552K, used 120903K [0x00000000a0000000, 0x00000000ad280000, 0x00000000e0000000)
  object space 215552K, 56% used [0x00000000a0000000,0x00000000a7611f98,0x00000000ad280000)
 Metaspace       used 78019K, capacity 82330K, committed 82560K, reserved 1120256K
  class space    used 10080K, capacity 11068K, committed 11136K, reserved 1048576K
Event: 560.185 GC heap after
Heap after GC invocations=18 (full 3):
 PSYoungGen      total 462336K, used 54248K [0x00000000e0000000, 0x0000000100000000, 0x0000000100000000)
  eden space 408064K, 0% used [0x00000000e0000000,0x00000000e0000000,0x00000000f8e80000)
  from space 54272K, 99% used [0x00000000f8e80000,0x00000000fc37a3a8,0x00000000fc380000)
  to   space 61952K, 0% used [0x00000000fc380000,0x00000000fc380000,0x0000000100000000)
 ParOldGen       total 215552K, used 139920K [0x00000000a0000000, 0x00000000ad280000, 0x00000000e0000000)
  object space 215552K, 64% used [0x00000000a0000000,0x00000000a88a42f0,0x00000000ad280000)
 Metaspace       used 78019K, capacity 82330K, committed 82560K, reserved 1120256K
  class space    used 10080K, capacity 11068K, committed 11136K, reserved 1048576K
}
Event: 560.624 GC heap before
{Heap before GC invocations=19 (full 3):
 PSYoungGen      total 462336K, used 461353K [0x00000000e0000000, 0x0000000100000000, 0x0000000100000000)
  eden space 408064K, 99% used [0x00000000e0000000,0x00000000f8d90210,0x00000000f8e80000)
  from space 54272K, 99% used [0x00000000f8e80000,0x00000000fc37a3a8,0x00000000fc380000)
  to   space 61952K, 0% used [0x00000000fc380000,0x00000000fc380000,0x0000000100000000)
 ParOldGen       total 215552K, used 139920K [0x00000000a0000000, 0x00000000ad280000, 0x00000000e0000000)
  object space 215552K, 64% used [0x00000000a0000000,0x00000000a88a42f0,0x00000000ad280000)
 Metaspace       used 78104K, capacity 82422K, committed 82560K, reserved 1120256K
  class space    used 10080K, capacity 11068K, committed 11136K, reserved 1048576K
Event: 560.643 GC heap after
Heap after GC invocations=19 (full 3):
 PSYoungGen      total 452096K, used 19222K [0x00000000e0000000, 0x0000000100000000, 0x0000000100000000)
  eden space 390144K, 0% used [0x00000000e0000000,0x00000000e0000000,0x00000000f7d00000)
  from space 61952K, 31% used [0x00000000fc380000,0x00000000fd645830,0x0000000100000000)
  to   space 67072K, 0% used [0x00000000f7d00000,0x00000000f7d00000,0x00000000fbe80000)
 ParOldGen       total 215552K, used 146356K [0x00000000a0000000, 0x00000000ad280000, 0x00000000e0000000)
  object space 215552K, 67% used [0x00000000a0000000,0x00000000a8eed018,0x00000000ad280000)
 Metaspace       used 78104K, capacity 82422K, committed 82560K, reserved 1120256K
  class space    used 10080K, capacity 11068K, committed 11136K, reserved 1048576K
}

